{"C:\\Users\\miko.rapo\\jest\\Osamaara.js": {"path":"C:\\Users\\miko.rapo\\jest\\Osamaara.js","statementMap":{"0":{"start":{"line":3,"column":4},"end":{"line":5,"column":5}},"1":{"start":{"line":4,"column":8},"end":{"line":4,"column":52}},"2":{"start":{"line":6,"column":4},"end":{"line":8,"column":5}},"3":{"start":{"line":7,"column":8},"end":{"line":7,"column":52}},"4":{"start":{"line":10,"column":4},"end":{"line":12,"column":5}},"5":{"start":{"line":11,"column":8},"end":{"line":11,"column":49}},"6":{"start":{"line":14,"column":16},"end":{"line":14,"column":35}},"7":{"start":{"line":16,"column":1},"end":{"line":18,"column":4}},"8":{"start":{"line":17,"column":4},"end":{"line":17,"column":33}},"9":{"start":{"line":20,"column":4},"end":{"line":20,"column":20}},"10":{"start":{"line":22,"column":0},"end":{"line":22,"column":26}}},"fnMap":{"0":{"name":"osamaara","decl":{"start":{"line":1,"column":9},"end":{"line":1,"column":17}},"loc":{"start":{"line":1,"column":27},"end":{"line":21,"column":1}},"line":1}},"branchMap":{"0":{"loc":{"start":{"line":1,"column":21},"end":{"line":1,"column":26}},"type":"default-arg","locations":[{"start":{"line":1,"column":25},"end":{"line":1,"column":26}}],"line":1},"1":{"loc":{"start":{"line":3,"column":4},"end":{"line":5,"column":5}},"type":"if","locations":[{"start":{"line":3,"column":4},"end":{"line":5,"column":5}},{"start":{"line":3,"column":4},"end":{"line":5,"column":5}}],"line":3},"2":{"loc":{"start":{"line":3,"column":7},"end":{"line":3,"column":36}},"type":"binary-expr","locations":[{"start":{"line":3,"column":7},"end":{"line":3,"column":22}},{"start":{"line":3,"column":26},"end":{"line":3,"column":36}}],"line":3},"3":{"loc":{"start":{"line":6,"column":4},"end":{"line":8,"column":5}},"type":"if","locations":[{"start":{"line":6,"column":4},"end":{"line":8,"column":5}},{"start":{"line":6,"column":4},"end":{"line":8,"column":5}}],"line":6},"4":{"loc":{"start":{"line":6,"column":7},"end":{"line":6,"column":36}},"type":"binary-expr","locations":[{"start":{"line":6,"column":7},"end":{"line":6,"column":22}},{"start":{"line":6,"column":26},"end":{"line":6,"column":36}}],"line":6},"5":{"loc":{"start":{"line":10,"column":4},"end":{"line":12,"column":5}},"type":"if","locations":[{"start":{"line":10,"column":4},"end":{"line":12,"column":5}},{"start":{"line":10,"column":4},"end":{"line":12,"column":5}}],"line":10},"6":{"loc":{"start":{"line":16,"column":1},"end":{"line":18,"column":4}},"type":"if","locations":[{"start":{"line":16,"column":1},"end":{"line":18,"column":4}},{"start":{"line":16,"column":1},"end":{"line":18,"column":4}}],"line":16}},"s":{"0":4,"1":1,"2":3,"3":0,"4":3,"5":1,"6":2,"7":2,"8":1,"9":1,"10":1},"f":{"0":4},"b":{"0":[1],"1":[1,3],"2":[4,3],"3":[0,3],"4":[3,3],"5":[1,2],"6":[1,1]},"_coverageSchema":"1a1c01bbd47fc00a2c39e90264f33305004495a9","hash":"0d70cd812dcd9bf469fda45b8d5f24664f91736f"}
,"C:\\Users\\miko.rapo\\jest\\Ympyrapintaala.js": {"path":"C:\\Users\\miko.rapo\\jest\\Ympyrapintaala.js","statementMap":{"0":{"start":{"line":3,"column":4},"end":{"line":5,"column":5}},"1":{"start":{"line":4,"column":8},"end":{"line":4,"column":37}},"2":{"start":{"line":6,"column":4},"end":{"line":8,"column":5}},"3":{"start":{"line":7,"column":8},"end":{"line":7,"column":37}},"4":{"start":{"line":9,"column":5},"end":{"line":11,"column":5}},"5":{"start":{"line":10,"column":8},"end":{"line":10,"column":51}},"6":{"start":{"line":14,"column":24},"end":{"line":14,"column":75}},"7":{"start":{"line":18,"column":4},"end":{"line":18,"column":26}},"8":{"start":{"line":21,"column":0},"end":{"line":21,"column":32}}},"fnMap":{"0":{"name":"Ympyrapintaala","decl":{"start":{"line":1,"column":9},"end":{"line":1,"column":23}},"loc":{"start":{"line":1,"column":26},"end":{"line":19,"column":1}},"line":1}},"branchMap":{"0":{"loc":{"start":{"line":3,"column":4},"end":{"line":5,"column":5}},"type":"if","locations":[{"start":{"line":3,"column":4},"end":{"line":5,"column":5}},{"start":{"line":3,"column":4},"end":{"line":5,"column":5}}],"line":3},"1":{"loc":{"start":{"line":6,"column":4},"end":{"line":8,"column":5}},"type":"if","locations":[{"start":{"line":6,"column":4},"end":{"line":8,"column":5}},{"start":{"line":6,"column":4},"end":{"line":8,"column":5}}],"line":6},"2":{"loc":{"start":{"line":6,"column":7},"end":{"line":6,"column":36}},"type":"binary-expr","locations":[{"start":{"line":6,"column":7},"end":{"line":6,"column":22}},{"start":{"line":6,"column":26},"end":{"line":6,"column":36}}],"line":6},"3":{"loc":{"start":{"line":9,"column":5},"end":{"line":11,"column":5}},"type":"if","locations":[{"start":{"line":9,"column":5},"end":{"line":11,"column":5}},{"start":{"line":9,"column":5},"end":{"line":11,"column":5}}],"line":9}},"s":{"0":3,"1":1,"2":2,"3":0,"4":2,"5":1,"6":1,"7":1,"8":1},"f":{"0":3},"b":{"0":[1,2],"1":[0,2],"2":[2,2],"3":[1,1]},"_coverageSchema":"1a1c01bbd47fc00a2c39e90264f33305004495a9","hash":"74c3e6c275aba672f7755c834e3ed8ef389a6d17"}
,"C:\\Users\\miko.rapo\\jest\\ala.js": {"path":"C:\\Users\\miko.rapo\\jest\\ala.js","statementMap":{"0":{"start":{"line":3,"column":4},"end":{"line":5,"column":5}},"1":{"start":{"line":4,"column":8},"end":{"line":4,"column":52}},"2":{"start":{"line":7,"column":4},"end":{"line":9,"column":5}},"3":{"start":{"line":8,"column":8},"end":{"line":8,"column":65}},"4":{"start":{"line":11,"column":11},"end":{"line":11,"column":32}},"5":{"start":{"line":12,"column":1},"end":{"line":14,"column":4}},"6":{"start":{"line":13,"column":4},"end":{"line":13,"column":32}},"7":{"start":{"line":15,"column":12},"end":{"line":15,"column":39}},"8":{"start":{"line":16,"column":4},"end":{"line":16,"column":17}},"9":{"start":{"line":18,"column":0},"end":{"line":18,"column":21}}},"fnMap":{"0":{"name":"ala","decl":{"start":{"line":1,"column":9},"end":{"line":1,"column":12}},"loc":{"start":{"line":1,"column":17},"end":{"line":17,"column":1}},"line":1}},"branchMap":{"0":{"loc":{"start":{"line":3,"column":4},"end":{"line":5,"column":5}},"type":"if","locations":[{"start":{"line":3,"column":4},"end":{"line":5,"column":5}},{"start":{"line":3,"column":4},"end":{"line":5,"column":5}}],"line":3},"1":{"loc":{"start":{"line":3,"column":7},"end":{"line":3,"column":36}},"type":"binary-expr","locations":[{"start":{"line":3,"column":7},"end":{"line":3,"column":22}},{"start":{"line":3,"column":26},"end":{"line":3,"column":36}}],"line":3},"2":{"loc":{"start":{"line":7,"column":4},"end":{"line":9,"column":5}},"type":"if","locations":[{"start":{"line":7,"column":4},"end":{"line":9,"column":5}},{"start":{"line":7,"column":4},"end":{"line":9,"column":5}}],"line":7},"3":{"loc":{"start":{"line":12,"column":1},"end":{"line":14,"column":4}},"type":"if","locations":[{"start":{"line":12,"column":1},"end":{"line":14,"column":4}},{"start":{"line":12,"column":1},"end":{"line":14,"column":4}}],"line":12}},"s":{"0":4,"1":1,"2":3,"3":1,"4":2,"5":2,"6":1,"7":1,"8":1,"9":1},"f":{"0":4},"b":{"0":[1,3],"1":[4,3],"2":[1,2],"3":[1,1]},"_coverageSchema":"1a1c01bbd47fc00a2c39e90264f33305004495a9","hash":"660b3cd7f5c0661b5f9b96f803b9b77e39b91d19"}
,"C:\\Users\\miko.rapo\\jest\\bussilippu.js": {"path":"C:\\Users\\miko.rapo\\jest\\bussilippu.js","statementMap":{"0":{"start":{"line":2,"column":4},"end":{"line":4,"column":5}},"1":{"start":{"line":3,"column":8},"end":{"line":3,"column":52}},"2":{"start":{"line":5,"column":4},"end":{"line":7,"column":5}},"3":{"start":{"line":6,"column":8},"end":{"line":6,"column":36}},"4":{"start":{"line":8,"column":4},"end":{"line":10,"column":5}},"5":{"start":{"line":9,"column":8},"end":{"line":9,"column":56}},"6":{"start":{"line":11,"column":4},"end":{"line":26,"column":5}},"7":{"start":{"line":12,"column":13},"end":{"line":12,"column":17}},"8":{"start":{"line":13,"column":5},"end":{"line":13,"column":14}},"9":{"start":{"line":14,"column":11},"end":{"line":26,"column":5}},"10":{"start":{"line":15,"column":12},"end":{"line":15,"column":16}},"11":{"start":{"line":16,"column":4},"end":{"line":16,"column":13}},"12":{"start":{"line":17,"column":11},"end":{"line":26,"column":5}},"13":{"start":{"line":18,"column":12},"end":{"line":18,"column":19}},"14":{"start":{"line":19,"column":4},"end":{"line":19,"column":13}},"15":{"start":{"line":20,"column":11},"end":{"line":26,"column":5}},"16":{"start":{"line":21,"column":12},"end":{"line":21,"column":16}},"17":{"start":{"line":22,"column":4},"end":{"line":22,"column":13}},"18":{"start":{"line":23,"column":11},"end":{"line":26,"column":5}},"19":{"start":{"line":24,"column":12},"end":{"line":24,"column":19}},"20":{"start":{"line":25,"column":4},"end":{"line":25,"column":13}},"21":{"start":{"line":28,"column":0},"end":{"line":28,"column":28}}},"fnMap":{"0":{"name":"bussilippu","decl":{"start":{"line":1,"column":9},"end":{"line":1,"column":19}},"loc":{"start":{"line":1,"column":22},"end":{"line":27,"column":1}},"line":1}},"branchMap":{"0":{"loc":{"start":{"line":2,"column":4},"end":{"line":4,"column":5}},"type":"if","locations":[{"start":{"line":2,"column":4},"end":{"line":4,"column":5}},{"start":{"line":2,"column":4},"end":{"line":4,"column":5}}],"line":2},"1":{"loc":{"start":{"line":2,"column":7},"end":{"line":2,"column":36}},"type":"binary-expr","locations":[{"start":{"line":2,"column":7},"end":{"line":2,"column":17}},{"start":{"line":2,"column":21},"end":{"line":2,"column":36}}],"line":2},"2":{"loc":{"start":{"line":5,"column":4},"end":{"line":7,"column":5}},"type":"if","locations":[{"start":{"line":5,"column":4},"end":{"line":7,"column":5}},{"start":{"line":5,"column":4},"end":{"line":7,"column":5}}],"line":5},"3":{"loc":{"start":{"line":8,"column":4},"end":{"line":10,"column":5}},"type":"if","locations":[{"start":{"line":8,"column":4},"end":{"line":10,"column":5}},{"start":{"line":8,"column":4},"end":{"line":10,"column":5}}],"line":8},"4":{"loc":{"start":{"line":11,"column":4},"end":{"line":26,"column":5}},"type":"if","locations":[{"start":{"line":11,"column":4},"end":{"line":26,"column":5}},{"start":{"line":11,"column":4},"end":{"line":26,"column":5}}],"line":11},"5":{"loc":{"start":{"line":14,"column":11},"end":{"line":26,"column":5}},"type":"if","locations":[{"start":{"line":14,"column":11},"end":{"line":26,"column":5}},{"start":{"line":14,"column":11},"end":{"line":26,"column":5}}],"line":14},"6":{"loc":{"start":{"line":14,"column":15},"end":{"line":14,"column":27}},"type":"binary-expr","locations":[{"start":{"line":14,"column":15},"end":{"line":14,"column":19}},{"start":{"line":14,"column":23},"end":{"line":14,"column":27}}],"line":14},"7":{"loc":{"start":{"line":17,"column":11},"end":{"line":26,"column":5}},"type":"if","locations":[{"start":{"line":17,"column":11},"end":{"line":26,"column":5}},{"start":{"line":17,"column":11},"end":{"line":26,"column":5}}],"line":17},"8":{"loc":{"start":{"line":17,"column":15},"end":{"line":17,"column":28}},"type":"binary-expr","locations":[{"start":{"line":17,"column":15},"end":{"line":17,"column":20}},{"start":{"line":17,"column":24},"end":{"line":17,"column":28}}],"line":17},"9":{"loc":{"start":{"line":20,"column":11},"end":{"line":26,"column":5}},"type":"if","locations":[{"start":{"line":20,"column":11},"end":{"line":26,"column":5}},{"start":{"line":20,"column":11},"end":{"line":26,"column":5}}],"line":20},"10":{"loc":{"start":{"line":20,"column":15},"end":{"line":20,"column":28}},"type":"binary-expr","locations":[{"start":{"line":20,"column":15},"end":{"line":20,"column":20}},{"start":{"line":20,"column":24},"end":{"line":20,"column":28}}],"line":20},"11":{"loc":{"start":{"line":23,"column":11},"end":{"line":26,"column":5}},"type":"if","locations":[{"start":{"line":23,"column":11},"end":{"line":26,"column":5}},{"start":{"line":23,"column":11},"end":{"line":26,"column":5}}],"line":23}},"s":{"0":12,"1":1,"2":11,"3":1,"4":10,"5":1,"6":9,"7":1,"8":1,"9":8,"10":2,"11":2,"12":6,"13":2,"14":2,"15":4,"16":2,"17":2,"18":2,"19":2,"20":2,"21":1},"f":{"0":12},"b":{"0":[1,11],"1":[12,12],"2":[1,10],"3":[1,9],"4":[1,8],"5":[2,6],"6":[8,2],"7":[2,4],"8":[6,6],"9":[2,2],"10":[4,4],"11":[2,0]},"_coverageSchema":"1a1c01bbd47fc00a2c39e90264f33305004495a9","hash":"f4ac9971b0b7d44c9af2995be7339256b07d2ae5"}
,"C:\\Users\\miko.rapo\\jest\\hinta.js": {"path":"C:\\Users\\miko.rapo\\jest\\hinta.js","statementMap":{"0":{"start":{"line":2,"column":4},"end":{"line":4,"column":5}},"1":{"start":{"line":3,"column":8},"end":{"line":3,"column":52}},"2":{"start":{"line":5,"column":4},"end":{"line":7,"column":5}},"3":{"start":{"line":6,"column":8},"end":{"line":6,"column":58}},"4":{"start":{"line":8,"column":4},"end":{"line":10,"column":8}},"5":{"start":{"line":9,"column":8},"end":{"line":9,"column":36}},"6":{"start":{"line":11,"column":0},"end":{"line":22,"column":1}},"7":{"start":{"line":12,"column":12},"end":{"line":12,"column":23}},"8":{"start":{"line":13,"column":7},"end":{"line":22,"column":1}},"9":{"start":{"line":14,"column":25},"end":{"line":14,"column":39}},"10":{"start":{"line":15,"column":16},"end":{"line":15,"column":56}},"11":{"start":{"line":16,"column":7},"end":{"line":22,"column":1}},"12":{"start":{"line":17,"column":25},"end":{"line":17,"column":39}},"13":{"start":{"line":18,"column":16},"end":{"line":18,"column":56}},"14":{"start":{"line":19,"column":7},"end":{"line":22,"column":1}},"15":{"start":{"line":20,"column":25},"end":{"line":20,"column":39}},"16":{"start":{"line":21,"column":16},"end":{"line":21,"column":56}},"17":{"start":{"line":23,"column":0},"end":{"line":23,"column":13}},"18":{"start":{"line":25,"column":0},"end":{"line":25,"column":23}}},"fnMap":{"0":{"name":"hinta","decl":{"start":{"line":1,"column":9},"end":{"line":1,"column":14}},"loc":{"start":{"line":1,"column":26},"end":{"line":24,"column":1}},"line":1}},"branchMap":{"0":{"loc":{"start":{"line":1,"column":17},"end":{"line":1,"column":25}},"type":"default-arg","locations":[{"start":{"line":1,"column":21},"end":{"line":1,"column":25}}],"line":1},"1":{"loc":{"start":{"line":2,"column":4},"end":{"line":4,"column":5}},"type":"if","locations":[{"start":{"line":2,"column":4},"end":{"line":4,"column":5}},{"start":{"line":2,"column":4},"end":{"line":4,"column":5}}],"line":2},"2":{"loc":{"start":{"line":2,"column":7},"end":{"line":2,"column":36}},"type":"binary-expr","locations":[{"start":{"line":2,"column":7},"end":{"line":2,"column":22}},{"start":{"line":2,"column":26},"end":{"line":2,"column":36}}],"line":2},"3":{"loc":{"start":{"line":5,"column":4},"end":{"line":7,"column":5}},"type":"if","locations":[{"start":{"line":5,"column":4},"end":{"line":7,"column":5}},{"start":{"line":5,"column":4},"end":{"line":7,"column":5}}],"line":5},"4":{"loc":{"start":{"line":8,"column":4},"end":{"line":10,"column":8}},"type":"if","locations":[{"start":{"line":8,"column":4},"end":{"line":10,"column":8}},{"start":{"line":8,"column":4},"end":{"line":10,"column":8}}],"line":8},"5":{"loc":{"start":{"line":11,"column":0},"end":{"line":22,"column":1}},"type":"if","locations":[{"start":{"line":11,"column":0},"end":{"line":22,"column":1}},{"start":{"line":11,"column":0},"end":{"line":22,"column":1}}],"line":11},"6":{"loc":{"start":{"line":13,"column":7},"end":{"line":22,"column":1}},"type":"if","locations":[{"start":{"line":13,"column":7},"end":{"line":22,"column":1}},{"start":{"line":13,"column":7},"end":{"line":22,"column":1}}],"line":13},"7":{"loc":{"start":{"line":13,"column":10},"end":{"line":13,"column":26}},"type":"binary-expr","locations":[{"start":{"line":13,"column":10},"end":{"line":13,"column":16}},{"start":{"line":13,"column":20},"end":{"line":13,"column":26}}],"line":13},"8":{"loc":{"start":{"line":16,"column":7},"end":{"line":22,"column":1}},"type":"if","locations":[{"start":{"line":16,"column":7},"end":{"line":22,"column":1}},{"start":{"line":16,"column":7},"end":{"line":22,"column":1}}],"line":16},"9":{"loc":{"start":{"line":16,"column":10},"end":{"line":16,"column":25}},"type":"binary-expr","locations":[{"start":{"line":16,"column":10},"end":{"line":16,"column":16}},{"start":{"line":16,"column":20},"end":{"line":16,"column":25}}],"line":16},"10":{"loc":{"start":{"line":19,"column":7},"end":{"line":22,"column":1}},"type":"if","locations":[{"start":{"line":19,"column":7},"end":{"line":22,"column":1}},{"start":{"line":19,"column":7},"end":{"line":22,"column":1}}],"line":19}},"s":{"0":10,"1":1,"2":9,"3":1,"4":8,"5":1,"6":7,"7":1,"8":6,"9":2,"10":2,"11":4,"12":2,"13":2,"14":2,"15":2,"16":2,"17":7,"18":1},"f":{"0":10},"b":{"0":[10],"1":[1,9],"2":[10,9],"3":[1,8],"4":[1,7],"5":[1,6],"6":[2,4],"7":[6,6],"8":[2,2],"9":[4,4],"10":[2,0]},"_coverageSchema":"1a1c01bbd47fc00a2c39e90264f33305004495a9","hash":"e028d1d8af071eeae2146317d4a957500f4cfc75"}
,"C:\\Users\\miko.rapo\\jest\\index.js": {"path":"C:\\Users\\miko.rapo\\jest\\index.js","statementMap":{"0":{"start":{"line":3,"column":4},"end":{"line":5,"column":5}},"1":{"start":{"line":4,"column":8},"end":{"line":4,"column":52}},"2":{"start":{"line":6,"column":16},"end":{"line":6,"column":35}},"3":{"start":{"line":8,"column":4},"end":{"line":10,"column":5}},"4":{"start":{"line":9,"column":8},"end":{"line":9,"column":37}},"5":{"start":{"line":11,"column":4},"end":{"line":11,"column":17}},"6":{"start":{"line":14,"column":0},"end":{"line":14,"column":21}}},"fnMap":{"0":{"name":"sum","decl":{"start":{"line":1,"column":9},"end":{"line":1,"column":12}},"loc":{"start":{"line":1,"column":20},"end":{"line":12,"column":1}},"line":1}},"branchMap":{"0":{"loc":{"start":{"line":1,"column":16},"end":{"line":1,"column":19}},"type":"default-arg","locations":[{"start":{"line":1,"column":18},"end":{"line":1,"column":19}}],"line":1},"1":{"loc":{"start":{"line":3,"column":4},"end":{"line":5,"column":5}},"type":"if","locations":[{"start":{"line":3,"column":4},"end":{"line":5,"column":5}},{"start":{"line":3,"column":4},"end":{"line":5,"column":5}}],"line":3},"2":{"loc":{"start":{"line":3,"column":7},"end":{"line":3,"column":36}},"type":"binary-expr","locations":[{"start":{"line":3,"column":7},"end":{"line":3,"column":22}},{"start":{"line":3,"column":26},"end":{"line":3,"column":36}}],"line":3},"3":{"loc":{"start":{"line":8,"column":4},"end":{"line":10,"column":5}},"type":"if","locations":[{"start":{"line":8,"column":4},"end":{"line":10,"column":5}},{"start":{"line":8,"column":4},"end":{"line":10,"column":5}}],"line":8}},"s":{"0":0,"1":0,"2":0,"3":0,"4":0,"5":0,"6":1},"f":{"0":0},"b":{"0":[0],"1":[0,0],"2":[0,0],"3":[0,0]},"_coverageSchema":"1a1c01bbd47fc00a2c39e90264f33305004495a9","hash":"531bcb5d93af148a2009dc292dc916546723ee3a"}
,"C:\\Users\\miko.rapo\\jest\\tausiikainen.js": {"path":"C:\\Users\\miko.rapo\\jest\\tausiikainen.js","statementMap":{"0":{"start":{"line":3,"column":4},"end":{"line":5,"column":5}},"1":{"start":{"line":4,"column":8},"end":{"line":4,"column":37}},"2":{"start":{"line":6,"column":4},"end":{"line":8,"column":5}},"3":{"start":{"line":7,"column":8},"end":{"line":7,"column":37}},"4":{"start":{"line":9,"column":5},"end":{"line":11,"column":5}},"5":{"start":{"line":10,"column":8},"end":{"line":10,"column":50}},"6":{"start":{"line":14,"column":23},"end":{"line":14,"column":35}},"7":{"start":{"line":18,"column":4},"end":{"line":18,"column":24}},"8":{"start":{"line":21,"column":0},"end":{"line":21,"column":30}}},"fnMap":{"0":{"name":"tausiikainen","decl":{"start":{"line":1,"column":9},"end":{"line":1,"column":21}},"loc":{"start":{"line":1,"column":24},"end":{"line":19,"column":1}},"line":1}},"branchMap":{"0":{"loc":{"start":{"line":3,"column":4},"end":{"line":5,"column":5}},"type":"if","locations":[{"start":{"line":3,"column":4},"end":{"line":5,"column":5}},{"start":{"line":3,"column":4},"end":{"line":5,"column":5}}],"line":3},"1":{"loc":{"start":{"line":6,"column":4},"end":{"line":8,"column":5}},"type":"if","locations":[{"start":{"line":6,"column":4},"end":{"line":8,"column":5}},{"start":{"line":6,"column":4},"end":{"line":8,"column":5}}],"line":6},"2":{"loc":{"start":{"line":6,"column":7},"end":{"line":6,"column":36}},"type":"binary-expr","locations":[{"start":{"line":6,"column":7},"end":{"line":6,"column":22}},{"start":{"line":6,"column":26},"end":{"line":6,"column":36}}],"line":6},"3":{"loc":{"start":{"line":9,"column":5},"end":{"line":11,"column":5}},"type":"if","locations":[{"start":{"line":9,"column":5},"end":{"line":11,"column":5}},{"start":{"line":9,"column":5},"end":{"line":11,"column":5}}],"line":9}},"s":{"0":4,"1":1,"2":3,"3":0,"4":3,"5":1,"6":2,"7":2,"8":1},"f":{"0":4},"b":{"0":[1,3],"1":[0,3],"2":[3,3],"3":[1,2]},"_coverageSchema":"1a1c01bbd47fc00a2c39e90264f33305004495a9","hash":"04b1b21804fa928c5a583684bcc0b56329f3d944"}
}
