TN:
SF:Osamaara.js
FN:1,osamaara
FNF:1
FNH:1
FNDA:4,osamaara
DA:3,4
DA:4,1
DA:6,3
DA:7,0
DA:10,3
DA:11,1
DA:14,2
DA:16,2
DA:17,1
DA:20,1
DA:22,1
LF:11
LH:10
BRDA:1,0,0,1
BRDA:3,1,0,1
BRDA:3,1,1,3
BRDA:3,2,0,4
BRDA:3,2,1,3
BRDA:6,3,0,0
BRDA:6,3,1,3
BRDA:6,4,0,3
BRDA:6,4,1,3
BRDA:10,5,0,1
BRDA:10,5,1,2
BRDA:16,6,0,1
BRDA:16,6,1,1
BRF:13
BRH:12
end_of_record
TN:
SF:Ympyrapintaala.js
FN:1,Ympyrapintaala
FNF:1
FNH:1
FNDA:3,Ympyrapintaala
DA:3,3
DA:4,1
DA:6,2
DA:7,0
DA:9,2
DA:10,1
DA:14,1
DA:18,1
DA:21,1
LF:9
LH:8
BRDA:3,0,0,1
BRDA:3,0,1,2
BRDA:6,1,0,0
BRDA:6,1,1,2
BRDA:6,2,0,2
BRDA:6,2,1,2
BRDA:9,3,0,1
BRDA:9,3,1,1
BRF:8
BRH:7
end_of_record
TN:
SF:ala.js
FN:1,ala
FNF:1
FNH:1
FNDA:4,ala
DA:3,4
DA:4,1
DA:7,3
DA:8,1
DA:11,2
DA:12,2
DA:13,1
DA:15,1
DA:16,1
DA:18,1
LF:10
LH:10
BRDA:3,0,0,1
BRDA:3,0,1,3
BRDA:3,1,0,4
BRDA:3,1,1,3
BRDA:7,2,0,1
BRDA:7,2,1,2
BRDA:12,3,0,1
BRDA:12,3,1,1
BRF:8
BRH:8
end_of_record
TN:
SF:bussilippu.js
FN:1,bussilippu
FNF:1
FNH:1
FNDA:12,bussilippu
DA:2,12
DA:3,1
DA:5,11
DA:6,1
DA:8,10
DA:9,1
DA:11,9
DA:12,1
DA:13,1
DA:14,8
DA:15,2
DA:16,2
DA:17,6
DA:18,2
DA:19,2
DA:20,4
DA:21,2
DA:22,2
DA:23,2
DA:24,2
DA:25,2
DA:28,1
LF:22
LH:22
BRDA:2,0,0,1
BRDA:2,0,1,11
BRDA:2,1,0,12
BRDA:2,1,1,12
BRDA:5,2,0,1
BRDA:5,2,1,10
BRDA:8,3,0,1
BRDA:8,3,1,9
BRDA:11,4,0,1
BRDA:11,4,1,8
BRDA:14,5,0,2
BRDA:14,5,1,6
BRDA:14,6,0,8
BRDA:14,6,1,2
BRDA:17,7,0,2
BRDA:17,7,1,4
BRDA:17,8,0,6
BRDA:17,8,1,6
BRDA:20,9,0,2
BRDA:20,9,1,2
BRDA:20,10,0,4
BRDA:20,10,1,4
BRDA:23,11,0,2
BRDA:23,11,1,0
BRF:24
BRH:23
end_of_record
TN:
SF:hinta.js
FN:1,hinta
FNF:1
FNH:1
FNDA:10,hinta
DA:2,10
DA:3,1
DA:5,9
DA:6,1
DA:8,8
DA:9,1
DA:11,7
DA:12,1
DA:13,6
DA:14,2
DA:15,2
DA:16,4
DA:17,2
DA:18,2
DA:19,2
DA:20,2
DA:21,2
DA:23,7
DA:25,1
LF:19
LH:19
BRDA:1,0,0,10
BRDA:2,1,0,1
BRDA:2,1,1,9
BRDA:2,2,0,10
BRDA:2,2,1,9
BRDA:5,3,0,1
BRDA:5,3,1,8
BRDA:8,4,0,1
BRDA:8,4,1,7
BRDA:11,5,0,1
BRDA:11,5,1,6
BRDA:13,6,0,2
BRDA:13,6,1,4
BRDA:13,7,0,6
BRDA:13,7,1,6
BRDA:16,8,0,2
BRDA:16,8,1,2
BRDA:16,9,0,4
BRDA:16,9,1,4
BRDA:19,10,0,2
BRDA:19,10,1,0
BRF:21
BRH:20
end_of_record
TN:
SF:index.js
FN:1,sum
FNF:1
FNH:0
FNDA:0,sum
DA:3,0
DA:4,0
DA:6,0
DA:8,0
DA:9,0
DA:11,0
DA:14,1
LF:7
LH:1
BRDA:1,0,0,0
BRDA:3,1,0,0
BRDA:3,1,1,0
BRDA:3,2,0,0
BRDA:3,2,1,0
BRDA:8,3,0,0
BRDA:8,3,1,0
BRF:7
BRH:0
end_of_record
TN:
SF:tausiikainen.js
FN:1,tausiikainen
FNF:1
FNH:1
FNDA:4,tausiikainen
DA:3,4
DA:4,1
DA:6,3
DA:7,0
DA:9,3
DA:10,1
DA:14,2
DA:18,2
DA:21,1
LF:9
LH:8
BRDA:3,0,0,1
BRDA:3,0,1,3
BRDA:6,1,0,0
BRDA:6,1,1,3
BRDA:6,2,0,3
BRDA:6,2,1,3
BRDA:9,3,0,1
BRDA:9,3,1,2
BRF:8
BRH:7
end_of_record
